<?xml version="1.0" encoding="UTF-8"?>
<!-- Generated by org.testng.reporters.JUnitReportReporter -->
<testsuite ignored="0" hostname="H02111" failures="0" tests="1" name="prueba.pruebatest" time="2.600" errors="0" timestamp="22 ene. 2024 04:51:15 GMT" skipped="0">
  <testcase classname="prueba.pruebatest" name="f" time="2.600"/>
</testsuite> <!-- prueba.pruebatest -->
